Determining if the pthread_create exist failed with the following output:
Change Dir: /home/vigmesh/laptop_ws/build/CMakeFiles/CMakeTmp

Run Build Command:"/usr/bin/make" "cmTC_3181d/fast"
/usr/bin/make -f CMakeFiles/cmTC_3181d.dir/build.make CMakeFiles/cmTC_3181d.dir/build
make[1]: Entering directory '/home/vigmesh/laptop_ws/build/CMakeFiles/CMakeTmp'
Building C object CMakeFiles/cmTC_3181d.dir/CheckSymbolExists.c.o
/usr/bin/cc     -o CMakeFiles/cmTC_3181d.dir/CheckSymbolExists.c.o   -c /home/vigmesh/laptop_ws/build/CMakeFiles/CMakeTmp/CheckSymbolExists.c
Linking C executable cmTC_3181d
/usr/bin/cmake -E cmake_link_script CMakeFiles/cmTC_3181d.dir/link.txt --verbose=1
/usr/bin/cc       CMakeFiles/cmTC_3181d.dir/CheckSymbolExists.c.o  -o cmTC_3181d -rdynamic 
CMakeFiles/cmTC_3181d.dir/CheckSymbolExists.c.o: In function `main':
CheckSymbolExists.c:(.text+0x16): undefined reference to `pthread_create'
collect2: error: ld returned 1 exit status
CMakeFiles/cmTC_3181d.dir/build.make:97: recipe for target 'cmTC_3181d' failed
make[1]: *** [cmTC_3181d] Error 1
make[1]: Leaving directory '/home/vigmesh/laptop_ws/build/CMakeFiles/CMakeTmp'
Makefile:126: recipe for target 'cmTC_3181d/fast' failed
make: *** [cmTC_3181d/fast] Error 2

File /home/vigmesh/laptop_ws/build/CMakeFiles/CMakeTmp/CheckSymbolExists.c:
/* */
#include <pthread.h>

int main(int argc, char** argv)
{
  (void)argv;
#ifndef pthread_create
  return ((int*)(&pthread_create))[argc];
#else
  (void)argc;
  return 0;
#endif
}

Determining if the function pthread_create exists in the pthreads failed with the following output:
Change Dir: /home/vigmesh/laptop_ws/build/CMakeFiles/CMakeTmp

Run Build Command:"/usr/bin/make" "cmTC_07550/fast"
/usr/bin/make -f CMakeFiles/cmTC_07550.dir/build.make CMakeFiles/cmTC_07550.dir/build
make[1]: Entering directory '/home/vigmesh/laptop_ws/build/CMakeFiles/CMakeTmp'
Building C object CMakeFiles/cmTC_07550.dir/CheckFunctionExists.c.o
/usr/bin/cc    -DCHECK_FUNCTION_EXISTS=pthread_create   -o CMakeFiles/cmTC_07550.dir/CheckFunctionExists.c.o   -c /usr/share/cmake-3.5/Modules/CheckFunctionExists.c
Linking C executable cmTC_07550
/usr/bin/cmake -E cmake_link_script CMakeFiles/cmTC_07550.dir/link.txt --verbose=1
/usr/bin/cc   -DCHECK_FUNCTION_EXISTS=pthread_create    CMakeFiles/cmTC_07550.dir/CheckFunctionExists.c.o  -o cmTC_07550 -rdynamic -lpthreads 
/usr/bin/ld: cannot find -lpthreads
collect2: error: ld returned 1 exit status
CMakeFiles/cmTC_07550.dir/build.make:97: recipe for target 'cmTC_07550' failed
make[1]: *** [cmTC_07550] Error 1
make[1]: Leaving directory '/home/vigmesh/laptop_ws/build/CMakeFiles/CMakeTmp'
Makefile:126: recipe for target 'cmTC_07550/fast' failed
make: *** [cmTC_07550/fast] Error 2


